<?xml version="1.0" encoding="UTF-8"?>
<testng-results ignored="0" total="1" passed="1" failed="0" skipped="0">
  <reporter-output>
  </reporter-output>
  <suite started-at="2024-03-03T22:32:39 IST" name="Default suite" finished-at="2024-03-03T22:33:17 IST" duration-ms="37893">
    <groups>
    </groups>
    <test started-at="2024-03-03T22:32:39 IST" name="Default test" finished-at="2024-03-03T22:33:17 IST" duration-ms="37893">
      <class name="rtCampAssignment.CreateWishList">
        <test-method signature="create_wish_list()[pri:0, instance:rtCampAssignment.CreateWishList@309e345f]" started-at="2024-03-03T22:32:39 IST" name="create_wish_list" finished-at="2024-03-03T22:33:17 IST" duration-ms="37817" status="PASS">
          <reporter-output>
          </reporter-output>
        </test-method> <!-- create_wish_list -->
      </class> <!-- rtCampAssignment.CreateWishList -->
    </test> <!-- Default test -->
  </suite> <!-- Default suite -->
</testng-results>
